<?xml version="1.0" encoding="UTF-8"?>
<!-- Generated by org.testng.reporters.JUnitReportReporter -->
<testsuite hostname="DESKTOP-61B2RBF" failures="0" tests="4" name="com.api.test.UserTests" time="7.704" errors="0" timestamp="2023-12-29T22:39:26 IST" skipped="0">
  <testcase classname="com.api.test.UserTests" name="testPostUser" time="3.721"/>
  <system-out/>
  <testcase classname="com.api.test.UserTests" name="getUserByName" time="1.322"/>
  <system-out/>
  <testcase classname="com.api.test.UserTests" name="updateUserByUserName" time="1.345"/>
  <system-out/>
  <testcase classname="com.api.test.UserTests" name="deleteUserByUserName" time="1.316"/>
  <system-out/>
</testsuite> <!-- com.api.test.UserTests -->
