<?xml version="1.0" encoding="UTF-8"?>
<!-- Generated by org.testng.reporters.JUnitReportReporter -->
<testsuite hostname="DESKTOP-61B2RBF" failures="0" tests="2" name="com.example.testcases.TestSet" time="0.015" errors="0" timestamp="2023-12-27T20:05:32 IST" skipped="0">
  <testcase classname="com.example.testcases.TestSet" name="b" time="0.012"/>
  <system-out/>
  <testcase classname="com.example.testcases.TestSet" name="loginTest" time="0.003"/>
  <system-out/>
</testsuite> <!-- com.example.testcases.TestSet -->
