<?xml version="1.0" encoding="UTF-8"?>
<!-- Generated by org.testng.reporters.JUnitReportReporter -->
<testsuite hostname="DESKTOP-61B2RBF" failures="0" tests="4" name="com.api.test.UserTests" time="7.813" errors="0" timestamp="2023-12-30T13:50:45 IST" skipped="0">
  <testcase classname="com.api.test.UserTests" name="testPostUser" time="3.756"/>
  <system-out/>
  <testcase classname="com.api.test.UserTests" name="getUserByName" time="1.398"/>
  <system-out/>
  <testcase classname="com.api.test.UserTests" name="updateUserByUserName" time="1.338"/>
  <system-out/>
  <testcase classname="com.api.test.UserTests" name="deleteUserByUserName" time="1.321"/>
  <system-out/>
</testsuite> <!-- com.api.test.UserTests -->
